<?xml version="1.0" encoding="UTF-8"?>
<testsuite xmlns:xsi="http://www.w3.org/2001/XMLSchema-instance" xsi:noNamespaceSchemaLocation="https://maven.apache.org/surefire/maven-surefire-plugin/xsd/surefire-test-report-3.0.xsd" version="3.0" name="com.bies.planeta.AppTest" time="0.015" tests="7" errors="0" skipped="0" failures="0">
  <properties>
    <property name="java.specification.version" value="21"/>
    <property name="sun.cpu.isalist" value="amd64"/>
    <property name="sun.jnu.encoding" value="Cp1252"/>
    <property name="java.class.path" value="c:\Users\faz24\OneDrive\Escritorio\CollegeStuff\2024_Ciclo2\EIF400_Paradigmas\BIES_Formal\Proyecto-Planeta-Bies\target\test-classes;c:\Users\faz24\OneDrive\Escritorio\CollegeStuff\2024_Ciclo2\EIF400_Paradigmas\BIES_Formal\Proyecto-Planeta-Bies\target\classes;C:\Users\faz24\.m2\repository\junit\junit\3.8.1\junit-3.8.1.jar;"/>
    <property name="java.vm.vendor" value="Oracle Corporation"/>
    <property name="sun.arch.data.model" value="64"/>
    <property name="user.variant" value=""/>
    <property name="java.vendor.url" value="https://java.oracle.com/"/>
    <property name="user.timezone" value="America/Costa_Rica"/>
    <property name="os.name" value="Windows 11"/>
    <property name="java.vm.specification.version" value="21"/>
    <property name="sun.java.launcher" value="SUN_STANDARD"/>
    <property name="user.country" value="US"/>
    <property name="sun.boot.library.path" value="C:\Program Files\Java\jdk-21\bin"/>
    <property name="sun.java.command" value="C:\Users\faz24\AppData\Local\Temp\surefire7727810845402680317\surefirebooter-20240902175839521_3.jar C:\Users\faz24\AppData\Local\Temp\surefire7727810845402680317 2024-09-02T17-58-39_444-jvmRun1 surefire-20240902175839521_1tmp surefire_0-20240902175839521_2tmp"/>
    <property name="jdk.debug" value="release"/>
    <property name="surefire.test.class.path" value="c:\Users\faz24\OneDrive\Escritorio\CollegeStuff\2024_Ciclo2\EIF400_Paradigmas\BIES_Formal\Proyecto-Planeta-Bies\target\test-classes;c:\Users\faz24\OneDrive\Escritorio\CollegeStuff\2024_Ciclo2\EIF400_Paradigmas\BIES_Formal\Proyecto-Planeta-Bies\target\classes;C:\Users\faz24\.m2\repository\junit\junit\3.8.1\junit-3.8.1.jar;"/>
    <property name="sun.cpu.endian" value="little"/>
    <property name="user.home" value="C:\Users\faz24"/>
    <property name="user.language" value="en"/>
    <property name="java.specification.vendor" value="Oracle Corporation"/>
    <property name="java.version.date" value="2024-01-16"/>
    <property name="java.home" value="C:\Program Files\Java\jdk-21"/>
    <property name="file.separator" value="\"/>
    <property name="basedir" value="c:\Users\faz24\OneDrive\Escritorio\CollegeStuff\2024_Ciclo2\EIF400_Paradigmas\BIES_Formal\Proyecto-Planeta-Bies"/>
    <property name="java.vm.compressedOopsMode" value="Zero based"/>
    <property name="line.separator" value="&#10;"/>
    <property name="java.vm.specification.vendor" value="Oracle Corporation"/>
    <property name="java.specification.name" value="Java Platform API Specification"/>
    <property name="surefire.real.class.path" value="C:\Users\faz24\AppData\Local\Temp\surefire7727810845402680317\surefirebooter-20240902175839521_3.jar"/>
    <property name="user.script" value=""/>
    <property name="sun.management.compiler" value="HotSpot 64-Bit Tiered Compilers"/>
    <property name="java.runtime.version" value="21.0.2+13-LTS-58"/>
    <property name="user.name" value="faz24"/>
    <property name="stdout.encoding" value="Cp1252"/>
    <property name="path.separator" value=";"/>
    <property name="os.version" value="10.0"/>
    <property name="java.runtime.name" value="Java(TM) SE Runtime Environment"/>
    <property name="file.encoding" value="UTF-8"/>
    <property name="java.vm.name" value="Java HotSpot(TM) 64-Bit Server VM"/>
    <property name="localRepository" value="C:\Users\faz24\.m2\repository"/>
    <property name="java.vendor.url.bug" value="https://bugreport.java.com/bugreport/"/>
    <property name="java.io.tmpdir" value="C:\Users\faz24\AppData\Local\Temp\"/>
    <property name="java.version" value="21.0.2"/>
    <property name="user.dir" value="c:\Users\faz24\OneDrive\Escritorio\CollegeStuff\2024_Ciclo2\EIF400_Paradigmas\BIES_Formal\Proyecto-Planeta-Bies"/>
    <property name="os.arch" value="amd64"/>
    <property name="java.vm.specification.name" value="Java Virtual Machine Specification"/>
    <property name="sun.os.patch.level" value=""/>
    <property name="native.encoding" value="Cp1252"/>
    <property name="java.library.path" value="C:\Program Files\Java\jdk-21\bin;C:\WINDOWS\Sun\Java\bin;C:\WINDOWS\system32;C:\WINDOWS;c:\users\faz24\onedrive\documentos\oracle\windows.x64_213000_db_home\bin;c:\program files\common files\oracle\java\javapath;c:\program files (x86)\common files\oracle\java\java8path;c:\program files (x86)\common files\oracle\java\javapath;c:\windows\system32;c:\windows;c:\windows\system32\wbem;c:\windows\system32\windowspowershell\v1.0\;c:\windows\system32\openssh\;c:\program files\nvidia corporation\nvidia nvdlisr;c:\program files\microsoft sql server\150\tools\binn\;c:\program files\dotnet\;c:\program files\git\cmd;c:\program files\cloudflare\cloudflare warp\;C:\Program Files (x86)\NVIDIA Corporation\PhysX\Common;C:\Maven\apache-maven-3.9.8\bin;C:\Users\faz24\AppData\Local\Microsoft\WindowsApps;C:\Users\faz24\AppData\Local\Programs\Microsoft VS Code\bin;C:\Program Files\JetBrains\PhpStorm 2024.2.1\bin;;."/>
    <property name="java.vm.info" value="mixed mode, sharing"/>
    <property name="stderr.encoding" value="Cp1252"/>
    <property name="java.vendor" value="Oracle Corporation"/>
    <property name="java.vm.version" value="21.0.2+13-LTS-58"/>
    <property name="sun.io.unicode.encoding" value="UnicodeLittle"/>
    <property name="java.class.version" value="65.0"/>
  </properties>
  <testcase name="testMoscaMovilizar" classname="com.bies.planeta.AppTest" time="0.003"/>
  <testcase name="testMariposaComer" classname="com.bies.planeta.AppTest" time="0.0"/>
  <testcase name="testAranaComer" classname="com.bies.planeta.AppTest" time="0.0"/>
  <testcase name="testAranaMovilizar" classname="com.bies.planeta.AppTest" time="0.0"/>
  <testcase name="testMoscaComer" classname="com.bies.planeta.AppTest" time="0.0"/>
  <testcase name="testMariposaMovilizar" classname="com.bies.planeta.AppTest" time="0.0"/>
  <testcase name="testApp" classname="com.bies.planeta.AppTest" time="0.0"/>
</testsuite>